num -> 0
id -> 10
= -> 0
read -> 0
( -> 0
) -> 0
; -> 0
= -> 0
intConst -> -1
; -> 0
fun -> 0
id -> 56
( -> 0
num -> 0
) -> 0
: -> 0
if -> 0
= -> 0
= -> 0
intConst -> -1
or -> 0
is -> 0
intConst -> -1
: -> 0
ret -> 0
true -> 0
; -> 0
if -> 0
< -> 0
= -> 0
intConst -> -1
or -> 0
mod -> 0
intConst -> -1
is -> 0
intConst -> -1
or -> 0
mod -> 0
intConst -> -1
is -> 0
intConst -> -1
: -> 0
ret -> 0
false -> 0
; -> 0
for -> 0
int -> 0
id -> 5
= -> 0
intConst -> -1
; -> 0
* -> 0
< -> 0
= -> 0
; -> 0
+ -> 0
= -> 0
intConst -> -1
: -> 0
if -> 0
mod -> 0
is -> 0
intConst -> -1
or -> 0
mod -> 0
( -> 0
+ -> 0
intConst -> -1
) -> 0
is -> 0
intConst -> -1
: -> 0
ret -> 0
false -> 0
; -> 0
ret -> 0
true -> 0
; -> 0
print -> 0
( -> 0
( -> 0
) -> 0
) -> 0
; -> 0
